<?xml version="1.0" encoding="UTF-8"?>
<!-- Generated by org.testng.reporters.JUnitReportReporter -->
<testsuite skipped="0" hostname="DESKTOP-7DUMRDQ" name="TestCase.AmazonTest" tests="2" failures="0" timestamp="26 Sep 2020 09:34:35 GMT" time="8.246" errors="0">
  <testcase name="Loginfunction" time="3.676" classname="TestCase.AmazonTest"/>
  <testcase name="searchfunction" time="4.570" classname="TestCase.AmazonTest"/>
</testsuite> <!-- TestCase.AmazonTest -->
