<?xml version="1.0" encoding="UTF-8"?>
<!-- Generated by org.testng.reporters.JUnitReportReporter -->
<testsuite skipped="0" hostname="DESKTOP-7DUMRDQ" name="TestCase.TestCase" tests="2" failures="0" timestamp="26 Sep 2020 11:14:56 GMT" time="21.582" errors="0">
  <testcase name="Loginfunction" time="5.926" classname="TestCase.TestCase"/>
  <testcase name="searchfunction" time="15.656" classname="TestCase.TestCase"/>
</testsuite> <!-- TestCase.TestCase -->
