<?xml version="1.0" encoding="UTF-8"?>
<!-- Generated by org.testng.reporters.JUnitReportReporter -->
<testsuite skipped="0" hostname="DESKTOP-7DUMRDQ" name="TestCase.AmazonTest" tests="2" failures="0" timestamp="26 Sep 2020 09:00:40 GMT" time="8.169" errors="0">
  <testcase name="Loginfunction" time="3.526" classname="TestCase.AmazonTest"/>
  <testcase name="searchfunction" time="4.643" classname="TestCase.AmazonTest"/>
</testsuite> <!-- TestCase.AmazonTest -->
